#
# There is insufficient memory for the Java Runtime Environment to continue.
# Native memory allocation (malloc) failed to allocate 32744 bytes for ChunkPool::allocate
# Possible reasons:
#   The system is out of physical RAM or swap space
#   In 32 bit mode, the process size limit was hit
# Possible solutions:
#   Reduce memory load on the system
#   Increase physical memory or swap space
#   Check if swap backing store is full
#   Use 64 bit Java on a 64 bit OS
#   Decrease Java heap size (-Xmx/-Xms)
#   Decrease number of Java threads
#   Decrease Java thread stack sizes (-Xss)
#   Set larger code cache with -XX:ReservedCodeCacheSize=
# This output file may be truncated or incomplete.
#
#  Out of Memory Error (allocation.cpp:211), pid=20428, tid=20544
#
# JRE version: Java(TM) SE Runtime Environment (7.0_45-b18) (build 1.7.0_45-b18)
# Java VM: Java HotSpot(TM) 64-Bit Server VM (24.45-b08 mixed mode windows-amd64 compressed oops)
# Failed to write core dump. Minidumps are not enabled by default on client versions of Windows
#

---------------  T H R E A D  ---------------

Current thread (0x000000000cede800):  JavaThread "C2 CompilerThread0" daemon [_thread_in_native, id=20544, stack(0x000000000d4b0000,0x000000000d5b0000)]

Stack: [0x000000000d4b0000,0x000000000d5b0000]

Current CompileTask:
C2:    611  162   !         com.sun.media.sound.SoftChannel::controlChange (1289 bytes)


---------------  P R O C E S S  ---------------

Java Threads: ( => current thread )
  0x000000000cee3800 JavaThread "Service Thread" daemon [_thread_blocked, id=20552, stack(0x000000000d6b0000,0x000000000d7b0000)]
  0x000000000cee2000 JavaThread "C2 CompilerThread1" daemon [_thread_in_native, id=20548, stack(0x000000000d5b0000,0x000000000d6b0000)]
=>0x000000000cede800 JavaThread "C2 CompilerThread0" daemon [_thread_in_native, id=20544, stack(0x000000000d4b0000,0x000000000d5b0000)]
  0x000000000cedd800 JavaThread "Attach Listener" daemon [_thread_blocked, id=20540, stack(0x000000000d3b0000,0x000000000d4b0000)]
  0x000000000270f800 JavaThread "Signal Dispatcher" daemon [_thread_blocked, id=20536, stack(0x000000000d2b0000,0x000000000d3b0000)]
  0x000000000aed0800 JavaThread "Finalizer" daemon [_thread_blocked, id=20528, stack(0x000000000cdb0000,0x000000000ceb0000)]
  0x000000000aec7800 JavaThread "Reference Handler" daemon [_thread_blocked, id=20524, stack(0x000000000ccb0000,0x000000000cdb0000)]
  0x0000000002620800 JavaThread "main" [_thread_in_native, id=20484, stack(0x0000000002520000,0x0000000002620000)]

Other Threads:
  0x000000000aec6800 VMThread [stack: 0x000000000cbb0000,0x000000000ccb0000] [id=20520]
  0x000000000271b000 WatcherThread [stack: 0x000000000d7b0000,0x000000000d8b0000] [id=20556]

VM state:not at safepoint (normal execution)

VM Mutex/Monitor currently owned by a thread: None

Heap
 PSYoungGen      total 38400K, used 17680K [0x00000007d5b00000, 0x00000007d8580000, 0x0000000800000000)
  eden space 33280K, 37% used [0x00000007d5b00000,0x00000007d6744f50,0x00000007d7b80000)
  from space 5120K, 99% used [0x00000007d8080000,0x00000007d857f1e0,0x00000007d8580000)
  to   space 5120K, 0% used [0x00000007d7b80000,0x00000007d7b80000,0x00000007d8080000)
 ParOldGen       total 86528K, used 5790K [0x0000000781200000, 0x0000000786680000, 0x00000007d5b00000)
  object space 86528K, 6% used [0x0000000781200000,0x00000007817a7800,0x0000000786680000)
 PSPermGen       total 21504K, used 5005K [0x000000077c000000, 0x000000077d500000, 0x0000000781200000)
  object space 21504K, 23% used [0x000000077c000000,0x000000077c4e3750,0x000000077d500000)

Card table byte_map: [0x00000000057e0000,0x0000000005c10000] byte_map_base: 0x0000000001c00000

Polling page: 0x0000000000950000

Code Cache  [0x0000000002720000, 0x0000000002990000, 0x0000000005720000)
 total_blobs=404 nmethods=160 adapters=196 free_code_cache=48457Kb largest_free_block=49595264

Compilation events (10 events):
Event: 0.544 Thread 0x000000000cede800 nmethod 157 0x00000000027c3450 code [0x00000000027c3580, 0x00000000027c35d8]
Event: 0.551 Thread 0x000000000cede800  158             java.util.HashMap::getEntry (86 bytes)
Event: 0.559 Thread 0x000000000cede800 nmethod 158 0x00000000027cd410 code [0x00000000027cd560, 0x00000000027cd768]
Event: 0.559 Thread 0x000000000cede800  159             java.util.HashMap::get (29 bytes)
Event: 0.561 Thread 0x000000000cede800 nmethod 159 0x00000000027cce50 code [0x00000000027ccfa0, 0x00000000027cd1c8]
Event: 0.561 Thread 0x000000000cede800  160             java.util.ArrayList::iterator (10 bytes)
Event: 0.563 Thread 0x000000000cede800 nmethod 160 0x00000000027ccb90 code [0x00000000027ccce0, 0x00000000027ccdb8]
Event: 0.586 Thread 0x000000000cede800  161   !         com.sun.media.sound.SoftChannel::setPolyPressure (141 bytes)
Event: 0.590 Thread 0x000000000cede800 nmethod 161 0x00000000027ce3d0 code [0x00000000027ce580, 0x00000000027ced08]
Event: 0.590 Thread 0x000000000cede800  162   !         com.sun.media.sound.SoftChannel::controlChange (1289 bytes)

GC Heap History (4 events):
Event: 0.463 GC heap before
{Heap before GC invocations=1 (full 0):
 PSYoungGen      total 38400K, used 33280K [0x00000007d5b00000, 0x00000007d8580000, 0x0000000800000000)
  eden space 33280K, 100% used [0x00000007d5b00000,0x00000007d7b80000,0x00000007d7b80000)
  from space 5120K, 0% used [0x00000007d8080000,0x00000007d8080000,0x00000007d8580000)
  to   space 5120K, 0% used [0x00000007d7b80000,0x00000007d7b80000,0x00000007d8080000)
 ParOldGen       total 86528K, used 0K [0x0000000781200000, 0x0000000786680000, 0x00000007d5b00000)
  object space 86528K, 0% used [0x0000000781200000,0x0000000781200000,0x0000000786680000)
 PSPermGen       total 21504K, used 4695K [0x000000077c000000, 0x000000077d500000, 0x0000000781200000)
  object space 21504K, 21% used [0x000000077c000000,0x000000077c495ca8,0x000000077d500000)
Event: 0.467 GC heap after
Heap after GC invocations=1 (full 0):
 PSYoungGen      total 38400K, used 5109K [0x00000007d5b00000, 0x00000007d8580000, 0x0000000800000000)
  eden space 33280K, 0% used [0x00000007d5b00000,0x00000007d5b00000,0x00000007d7b80000)
  from space 5120K, 99% used [0x00000007d7b80000,0x00000007d807d450,0x00000007d8080000)
  to   space 5120K, 0% used [0x00000007d8080000,0x00000007d8080000,0x00000007d8580000)
 ParOldGen       total 86528K, used 2151K [0x0000000781200000, 0x0000000786680000, 0x00000007d5b00000)
  object space 86528K, 2% used [0x0000000781200000,0x0000000781419c00,0x0000000786680000)
 PSPermGen       total 21504K, used 4695K [0x000000077c000000, 0x000000077d500000, 0x0000000781200000)
  object space 21504K, 21% used [0x000000077c000000,0x000000077c495ca8,0x000000077d500000)
}
Event: 0.553 GC heap before
{Heap before GC invocations=2 (full 0):
 PSYoungGen      total 38400K, used 38389K [0x00000007d5b00000, 0x00000007d8580000, 0x0000000800000000)
  eden space 33280K, 100% used [0x00000007d5b00000,0x00000007d7b80000,0x00000007d7b80000)
  from space 5120K, 99% used [0x00000007d7b80000,0x00000007d807d450,0x00000007d8080000)
  to   space 5120K, 0% used [0x00000007d8080000,0x00000007d8080000,0x00000007d8580000)
 ParOldGen       total 86528K, used 2151K [0x0000000781200000, 0x0000000786680000, 0x00000007d5b00000)
  object space 86528K, 2% used [0x0000000781200000,0x0000000781419c00,0x0000000786680000)
 PSPermGen       total 21504K, used 4701K [0x000000077c000000, 0x000000077d500000, 0x0000000781200000)
  object space 21504K, 21% used [0x000000077c000000,0x000000077c497500,0x000000077d500000)
Event: 0.559 GC heap after
Heap after GC invocations=2 (full 0):
 PSYoungGen      total 38400K, used 5116K [0x00000007d5b00000, 0x00000007d8580000, 0x0000000800000000)
  eden space 33280K, 0% used [0x00000007d5b00000,0x00000007d5b00000,0x00000007d7b80000)
  from space 5120K, 99% used [0x00000007d8080000,0x00000007d857f1e0,0x00000007d8580000)
  to   space 5120K, 0% used [0x00000007d7b80000,0x00000007d7b80000,0x00000007d8080000)
 ParOldGen       total 86528K, used 5790K [0x0000000781200000, 0x0000000786680000, 0x00000007d5b00000)
  object space 86528K, 6% used [0x0000000781200000,0x00000007817a7800,0x0000000786680000)
 PSPermGen       total 21504K, used 4701K [0x000000077c000000, 0x000000077d500000, 0x0000000781200000)
  object space 21504K, 21% used [0x000000077c000000,0x000000077c497500,0x000000077d500000)
}

Deoptimization events (7 events):
Event: 0.244 Thread 0x0000000002620800 Uncommon trap: reason=predicate action=maybe_recompile pc=0x000000000279ff90 method=java.util.Arrays.fill([Ljava/lang/Object;Ljava/lang/Object;)V @ 10
Event: 0.254 Thread 0x0000000002620800 Uncommon trap: reason=array_check action=maybe_recompile pc=0x00000000027a3574 method=java.util.Arrays.fill([Ljava/lang/Object;Ljava/lang/Object;)V @ 13
Event: 0.254 Thread 0x0000000002620800 Uncommon trap: reason=array_check action=maybe_recompile pc=0x00000000027a3574 method=java.util.Arrays.fill([Ljava/lang/Object;Ljava/lang/Object;)V @ 13
Event: 0.254 Thread 0x0000000002620800 Uncommon trap: reason=array_check action=maybe_recompile pc=0x00000000027a3574 method=java.util.Arrays.fill([Ljava/lang/Object;Ljava/lang/Object;)V @ 13
Event: 0.255 Thread 0x0000000002620800 Uncommon trap: reason=array_check action=maybe_recompile pc=0x00000000027a3574 method=java.util.Arrays.fill([Ljava/lang/Object;Ljava/lang/Object;)V @ 13
Event: 0.595 Thread 0x0000000002620800 Uncommon trap: reason=unreached action=reinterpret pc=0x00000000027cd160 method=java.util.HashMap.getEntry(Ljava/lang/Object;)Ljava/util/HashMap$Entry; @ 58
Event: 0.595 Thread 0x0000000002620800 Uncommon trap: reason=unreached action=reinterpret pc=0x00000000027cd704 method=java.util.HashMap.getEntry(Ljava/lang/Object;)Ljava/util/HashMap$Entry; @ 58

Internal exceptions (6 events):
Event: 0.026 Thread 0x0000000002620800 Threw 0x00000007d5b107c0 at C:\re\jdk7u45\229\hotspot\src\share\vm\prims\jni.cpp:3991
Event: 0.060 Thread 0x0000000002620800 Threw 0x00000007d5b9c228 at C:\re\jdk7u45\229\hotspot\src\share\vm\prims\jvm.cpp:1244
Event: 0.076 Thread 0x0000000002620800 Threw 0x00000007d5bcd538 at C:\re\jdk7u45\229\hotspot\src\share\vm\prims\jvm.cpp:1244
Event: 0.076 Thread 0x0000000002620800 Threw 0x00000007d5bcd660 at C:\re\jdk7u45\229\hotspot\src\share\vm\prims\jvm.cpp:1244
Event: 0.077 Thread 0x0000000002620800 Threw 0x00000007d5bd28d8 at C:\re\jdk7u45\229\hotspot\src\share\vm\prims\jvm.cpp:1244
Event: 0.077 Thread 0x0000000002620800 Threw 0x00000007d5bd2a00 at C:\re\jdk7u45\229\hotspot\src\share\vm\prims\jvm.cpp:1244

Events (10 events):
Event: 0.595 loading class 0x000000000e730ad0
Event: 0.595 loading class 0x000000000e730fc0
Event: 0.595 loading class 0x000000000cfcfef0
Event: 0.595 loading class 0x000000000cfcfef0 done
Event: 0.595 loading class 0x000000000e731810
Event: 0.596 loading class 0x000000000e731810 done
Event: 0.596 loading class 0x000000000e730fc0 done
Event: 0.596 loading class 0x000000000e730ad0 done
Event: 0.604 loading class 0x000000000d057710
Event: 0.605 loading class 0x000000000d057710 done


Dynamic libraries:
0x00007ff738c10000 - 0x00007ff738c43000 	D:\MyEclipse 2015\binary\com.sun.java.jdk7.win32.x86_64_1.7.0.u45\bin\javaw.exe
0x00007ffaaff70000 - 0x00007ffab0131000 	C:\windows\SYSTEM32\ntdll.dll
0x00007ffaafec0000 - 0x00007ffaaff6d000 	C:\windows\system32\KERNEL32.DLL
0x00007ffaaca10000 - 0x00007ffaacbf8000 	C:\windows\system32\KERNELBASE.dll
0x00007ffaadec0000 - 0x00007ffaadf67000 	C:\windows\system32\ADVAPI32.dll
0x00007ffaada50000 - 0x00007ffaadaed000 	C:\windows\system32\msvcrt.dll
0x00007ffaafd40000 - 0x00007ffaafd9b000 	C:\windows\system32\sechost.dll
0x00007ffaafda0000 - 0x00007ffaafebc000 	C:\windows\system32\RPCRT4.dll
0x00007ffaae1f0000 - 0x00007ffaae346000 	C:\windows\system32\USER32.dll
0x00007ffaadd30000 - 0x00007ffaadeb6000 	C:\windows\system32\GDI32.dll
0x00007ffaa6e70000 - 0x00007ffaa70e4000 	C:\windows\WinSxS\amd64_microsoft.windows.common-controls_6595b64144ccf1df_6.0.10586.0_none_8c15ae12515e1c22\COMCTL32.dll
0x00007ffaadf70000 - 0x00007ffaae1ed000 	C:\windows\system32\combase.dll
0x00007ffaacc00000 - 0x00007ffaacc6a000 	C:\windows\system32\bcryptPrimitives.dll
0x00007ffaad5b0000 - 0x00007ffaad5eb000 	C:\windows\system32\IMM32.DLL
0x000000005dbc0000 - 0x000000005dc92000 	D:\MyEclipse 2015\binary\com.sun.java.jdk7.win32.x86_64_1.7.0.u45\jre\bin\msvcr100.dll
0x000000005d3f0000 - 0x000000005dbb9000 	D:\MyEclipse 2015\binary\com.sun.java.jdk7.win32.x86_64_1.7.0.u45\jre\bin\server\jvm.dll
0x00007ffaad9d0000 - 0x00007ffaad9d8000 	C:\windows\system32\PSAPI.DLL
0x00007ffaaac40000 - 0x00007ffaaac49000 	C:\windows\SYSTEM32\WSOCK32.dll
0x00007ffaaa810000 - 0x00007ffaaa833000 	C:\windows\SYSTEM32\WINMM.dll
0x00007ffaad9e0000 - 0x00007ffaada4b000 	C:\windows\system32\WS2_32.dll
0x00007ffaaa7b0000 - 0x00007ffaaa7dc000 	C:\windows\SYSTEM32\WINMMBASE.dll
0x00007ffaac900000 - 0x00007ffaac943000 	C:\windows\system32\cfgmgr32.dll
0x000000005d3e0000 - 0x000000005d3ef000 	D:\MyEclipse 2015\binary\com.sun.java.jdk7.win32.x86_64_1.7.0.u45\jre\bin\verify.dll
0x000000005d3b0000 - 0x000000005d3d8000 	D:\MyEclipse 2015\binary\com.sun.java.jdk7.win32.x86_64_1.7.0.u45\jre\bin\java.dll
0x000000005d390000 - 0x000000005d3a5000 	D:\MyEclipse 2015\binary\com.sun.java.jdk7.win32.x86_64_1.7.0.u45\jre\bin\zip.dll
0x000000005d2f0000 - 0x000000005d2fc000 	D:\MyEclipse 2015\binary\com.sun.java.jdk7.win32.x86_64_1.7.0.u45\jre\bin\jsound.dll
0x000000005d2e0000 - 0x000000005d2eb000 	D:\MyEclipse 2015\binary\com.sun.java.jdk7.win32.x86_64_1.7.0.u45\jre\bin\jsoundds.dll
0x00007ffaad370000 - 0x00007ffaad4b3000 	C:\windows\system32\ole32.dll
0x00007ffa9be00000 - 0x00007ffa9be9c000 	C:\windows\SYSTEM32\DSOUND.dll
0x00007ffaac5c0000 - 0x00007ffaac60b000 	C:\windows\system32\powrprof.dll
0x00007ffaac610000 - 0x00007ffaac61f000 	C:\windows\system32\kernel.appcore.dll
0x00007ffaaafc0000 - 0x00007ffaab056000 	C:\windows\system32\uxtheme.dll
0x00007ffaa5e40000 - 0x00007ffaa5eb0000 	C:\windows\SYSTEM32\MMDevAPI.DLL
0x00007ffaa9e60000 - 0x00007ffaa9fe6000 	C:\windows\SYSTEM32\PROPSYS.dll
0x00007ffaab060000 - 0x00007ffaab087000 	C:\windows\SYSTEM32\DEVOBJ.dll
0x00007ffaad4e0000 - 0x00007ffaad5a1000 	C:\windows\system32\OLEAUT32.dll
0x00007ffa97ae0000 - 0x00007ffa97b22000 	C:\windows\SYSTEM32\wdmaud.drv
0x00007ffa97ad0000 - 0x00007ffa97ad8000 	C:\windows\SYSTEM32\ksuser.dll
0x00007ffaa9060000 - 0x00007ffaa906b000 	C:\windows\SYSTEM32\AVRT.dll
0x00007ffa97b30000 - 0x00007ffa97bb8000 	C:\windows\SYSTEM32\AUDIOSES.DLL
0x00007ffaa92c0000 - 0x00007ffaa93f6000 	C:\windows\SYSTEM32\wintypes.dll
0x00007ffaa0370000 - 0x00007ffaa037c000 	C:\windows\SYSTEM32\msacm32.drv
0x00007ffaa0350000 - 0x00007ffaa036c000 	C:\windows\SYSTEM32\MSACM32.dll
0x00007ffaa0340000 - 0x00007ffaa034a000 	C:\windows\SYSTEM32\midimap.dll
0x000000005d370000 - 0x000000005d389000 	D:\MyEclipse 2015\binary\com.sun.java.jdk7.win32.x86_64_1.7.0.u45\jre\bin\net.dll
0x00007ffaabec0000 - 0x00007ffaabf1c000 	C:\windows\system32\mswsock.dll
0x000000005d350000 - 0x000000005d361000 	D:\MyEclipse 2015\binary\com.sun.java.jdk7.win32.x86_64_1.7.0.u45\jre\bin\nio.dll
0x00007ffaad920000 - 0x00007ffaad9c7000 	C:\windows\system32\clbcatq.dll

VM Arguments:
jvm_args: -Dfile.encoding=GBK 
java_command: …˘“Ù≤•∑≈≥Ã–Ú.MiniMiniMusicApp
Launcher Type: SUN_STANDARD

Environment Variables:
JAVA_HOME=D:\Java\jdk1.8.0_121
PATH=C:\ProgramData\Oracle\Java\javapath;C:\windows\system32;C:\windows;C:\windows\System32\Wbem;C:\windows\System32\WindowsPowerShell\v1.0\;D:\Java\jdk1.8.0_121\bin;C:\Program Files (x86)\NVIDIA Corporation\PhysX\Common;C:\Program Files\MySQL\MySQL Utilities 1.6\
USERNAME=Administrator
OS=Windows_NT
PROCESSOR_IDENTIFIER=Intel64 Family 6 Model 94 Stepping 3, GenuineIntel



---------------  S Y S T E M  ---------------

OS: Windows 8 , 64 bit Build 9200 

CPU:total 8 (4 cores per cpu, 2 threads per core) family 6 model 94 stepping 3, cmov, cx8, fxsr, mmx, sse, sse2, sse3, ssse3, sse4.1, sse4.2, popcnt, avx, avx2, aes, erms, ht, tsc, tscinvbit

Memory: 4k page, physical 8307124k(4369244k free), swap 9355700k(4140k free)

vm_info: Java HotSpot(TM) 64-Bit Server VM (24.45-b08) for windows-amd64 JRE (1.7.0_45-b18), built on Oct  8 2013 05:47:22 by "java_re" with unknown MS VC++:1600

time: Sat Mar 04 21:04:32 2017
elapsed time: 0 seconds

