#
# There is insufficient memory for the Java Runtime Environment to continue.
# Native memory allocation (malloc) failed to allocate 115376 bytes for Chunk::new
# Possible reasons:
#   The system is out of physical RAM or swap space
#   In 32 bit mode, the process size limit was hit
# Possible solutions:
#   Reduce memory load on the system
#   Increase physical memory or swap space
#   Check if swap backing store is full
#   Use 64 bit Java on a 64 bit OS
#   Decrease Java heap size (-Xmx/-Xms)
#   Decrease number of Java threads
#   Decrease Java thread stack sizes (-Xss)
#   Set larger code cache with -XX:ReservedCodeCacheSize=
# This output file may be truncated or incomplete.
#
#  Out of Memory Error (allocation.cpp:323), pid=20248, tid=20348
#
# JRE version: Java(TM) SE Runtime Environment (7.0_45-b18) (build 1.7.0_45-b18)
# Java VM: Java HotSpot(TM) 64-Bit Server VM (24.45-b08 mixed mode windows-amd64 compressed oops)
# Failed to write core dump. Minidumps are not enabled by default on client versions of Windows
#

---------------  T H R E A D  ---------------

Current thread (0x000000000ce4e800):  JavaThread "C2 CompilerThread1" daemon [_thread_in_native, id=20348, stack(0x000000000d520000,0x000000000d620000)]

Stack: [0x000000000d520000,0x000000000d620000]
[error occurred during error reporting (printing stack bounds), id 0xc0000005]


[error occurred during error reporting (printing native stack), id 0xc0000005]


Current CompileTask:
C2:  31555  180             javax.sound.sampled.AudioInputStream::read (274 bytes)


---------------  P R O C E S S  ---------------

Java Threads: ( => current thread )
  0x00000000025f0800 JavaThread "DestroyJavaVM" [_thread_blocked, id=20288, stack(0x0000000002420000,0x0000000002520000)]
  0x000000000e355800 JavaThread "Java Sound Sequencer" [_thread_blocked, id=20392, stack(0x0000000011030000,0x0000000011130000)]
  0x000000000d00a000 JavaThread "Thread-2" daemon [_thread_blocked, id=20388, stack(0x0000000010f30000,0x0000000011030000)]
  0x000000000fd80800 JavaThread "Thread-1" daemon [_thread_blocked, id=20384, stack(0x0000000010e30000,0x0000000010f30000)]
  0x000000000e8c9800 JavaThread "Java Sound Event Dispatcher" daemon [_thread_blocked, id=20368, stack(0x000000000f920000,0x000000000fa20000)]
  0x000000000ce53000 JavaThread "Service Thread" daemon [_thread_blocked, id=20352, stack(0x000000000d620000,0x000000000d720000)]
=>0x000000000ce4e800 JavaThread "C2 CompilerThread1" daemon [_thread_in_native, id=20348, stack(0x000000000d520000,0x000000000d620000)]
  0x000000000ce4d000 JavaThread "C2 CompilerThread0" daemon [_thread_blocked, id=20344, stack(0x000000000d420000,0x000000000d520000)]
  0x000000000ce4c800 JavaThread "Attach Listener" daemon [_thread_blocked, id=20340, stack(0x000000000d320000,0x000000000d420000)]
  0x00000000026df000 JavaThread "Signal Dispatcher" daemon [_thread_blocked, id=20336, stack(0x000000000d220000,0x000000000d320000)]
  0x000000000ae3f800 JavaThread "Finalizer" daemon [_thread_blocked, id=20332, stack(0x000000000cd20000,0x000000000ce20000)]
  0x000000000ae37000 JavaThread "Reference Handler" daemon [_thread_blocked, id=20328, stack(0x000000000cc20000,0x000000000cd20000)]

Other Threads:
  0x000000000ae35800 VMThread [stack: 0x000000000cb20000,0x000000000cc20000] [id=20324]
  0x00000000026eb800 WatcherThread [stack: 0x000000000d720000,0x000000000d820000] [id=20356]

VM state:not at safepoint (normal execution)

VM Mutex/Monitor currently owned by a thread: None

Heap
 PSYoungGen      total 71680K, used 24974K [0x00000007d5b00000, 0x00000007da600000, 0x0000000800000000)
  eden space 66560K, 29% used [0x00000007d5b00000,0x00000007d6e6b920,0x00000007d9c00000)
  from space 5120K, 99% used [0x00000007da100000,0x00000007da5f8170,0x00000007da600000)
  to   space 5120K, 0% used [0x00000007d9c00000,0x00000007d9c00000,0x00000007da100000)
 ParOldGen       total 86528K, used 5837K [0x0000000781200000, 0x0000000786680000, 0x00000007d5b00000)
  object space 86528K, 6% used [0x0000000781200000,0x00000007817b34d0,0x0000000786680000)
 PSPermGen       total 21504K, used 5262K [0x000000077c000000, 0x000000077d500000, 0x0000000781200000)
  object space 21504K, 24% used [0x000000077c000000,0x000000077c523a90,0x000000077d500000)

Card table byte_map: [0x00000000056f0000,0x0000000005b20000] byte_map_base: 0x0000000001b10000

Polling page: 0x0000000000960000

Code Cache  [0x00000000026f0000, 0x0000000002960000, 0x00000000056f0000)
 total_blobs=437 nmethods=179 adapters=210 free_code_cache=48278Kb largest_free_block=49396032

Compilation events (10 events):
Event: 0.902 Thread 0x000000000ce4e800 nmethod 175 0x00000000027ce950 code [0x00000000027cecc0, 0x00000000027d11e8]
Event: 0.942 Thread 0x000000000ce4d000  176             com.sun.media.sound.SoftLinearResampler2::interpolate (323 bytes)
Event: 0.942 Thread 0x000000000ce4e800  177             com.sun.media.sound.SoftReverb$Delay::processReplace (83 bytes)
Event: 0.946 Thread 0x000000000ce4e800 nmethod 177 0x00000000027b3350 code [0x00000000027b3480, 0x00000000027b3738]
Event: 0.964 Thread 0x000000000ce4d000 nmethod 176 0x00000000027b0c10 code [0x00000000027b0da0, 0x00000000027b19b8]
Event: 1.017 Thread 0x000000000ce4e800  178             com.sun.media.sound.AudioFloatConverter$AudioFloatConversion16SL::toFloatArray (60 bytes)
Event: 1.026 Thread 0x000000000ce4e800 nmethod 178 0x00000000027b24d0 code [0x00000000027b2640, 0x00000000027b28d8]
Event: 1.200 Thread 0x000000000ce4d000  179             java.util.Arrays::fill (28 bytes)
Event: 1.204 Thread 0x000000000ce4d000 nmethod 179 0x000000000279d850 code [0x000000000279d9a0, 0x000000000279daa8]
Event: 31.543 Thread 0x000000000ce4e800  180             javax.sound.sampled.AudioInputStream::read (274 bytes)

GC Heap History (4 events):
Event: 0.412 GC heap before
{Heap before GC invocations=1 (full 0):
 PSYoungGen      total 38400K, used 33280K [0x00000007d5b00000, 0x00000007d8580000, 0x0000000800000000)
  eden space 33280K, 100% used [0x00000007d5b00000,0x00000007d7b80000,0x00000007d7b80000)
  from space 5120K, 0% used [0x00000007d8080000,0x00000007d8080000,0x00000007d8580000)
  to   space 5120K, 0% used [0x00000007d7b80000,0x00000007d7b80000,0x00000007d8080000)
 ParOldGen       total 86528K, used 0K [0x0000000781200000, 0x0000000786680000, 0x00000007d5b00000)
  object space 86528K, 0% used [0x0000000781200000,0x0000000781200000,0x0000000786680000)
 PSPermGen       total 21504K, used 4695K [0x000000077c000000, 0x000000077d500000, 0x0000000781200000)
  object space 21504K, 21% used [0x000000077c000000,0x000000077c495ce8,0x000000077d500000)
Event: 0.417 GC heap after
Heap after GC invocations=1 (full 0):
 PSYoungGen      total 38400K, used 5106K [0x00000007d5b00000, 0x00000007da600000, 0x0000000800000000)
  eden space 33280K, 0% used [0x00000007d5b00000,0x00000007d5b00000,0x00000007d7b80000)
  from space 5120K, 99% used [0x00000007d7b80000,0x00000007d807cb68,0x00000007d8080000)
  to   space 5120K, 0% used [0x00000007da100000,0x00000007da100000,0x00000007da600000)
 ParOldGen       total 86528K, used 2246K [0x0000000781200000, 0x0000000786680000, 0x00000007d5b00000)
  object space 86528K, 2% used [0x0000000781200000,0x0000000781431870,0x0000000786680000)
 PSPermGen       total 21504K, used 4695K [0x000000077c000000, 0x000000077d500000, 0x0000000781200000)
  object space 21504K, 21% used [0x000000077c000000,0x000000077c495ce8,0x000000077d500000)
}
Event: 0.497 GC heap before
{Heap before GC invocations=2 (full 0):
 PSYoungGen      total 38400K, used 38386K [0x00000007d5b00000, 0x00000007da600000, 0x0000000800000000)
  eden space 33280K, 100% used [0x00000007d5b00000,0x00000007d7b80000,0x00000007d7b80000)
  from space 5120K, 99% used [0x00000007d7b80000,0x00000007d807cb68,0x00000007d8080000)
  to   space 5120K, 0% used [0x00000007da100000,0x00000007da100000,0x00000007da600000)
 ParOldGen       total 86528K, used 2246K [0x0000000781200000, 0x0000000786680000, 0x00000007d5b00000)
  object space 86528K, 2% used [0x0000000781200000,0x0000000781431870,0x0000000786680000)
 PSPermGen       total 21504K, used 4701K [0x000000077c000000, 0x000000077d500000, 0x0000000781200000)
  object space 21504K, 21% used [0x000000077c000000,0x000000077c497540,0x000000077d500000)
Event: 0.503 GC heap after
Heap after GC invocations=2 (full 0):
 PSYoungGen      total 71680K, used 5088K [0x00000007d5b00000, 0x00000007da600000, 0x0000000800000000)
  eden space 66560K, 0% used [0x00000007d5b00000,0x00000007d5b00000,0x00000007d9c00000)
  from space 5120K, 99% used [0x00000007da100000,0x00000007da5f8170,0x00000007da600000)
  to   space 5120K, 0% used [0x00000007d9c00000,0x00000007d9c00000,0x00000007da100000)
 ParOldGen       total 86528K, used 5837K [0x0000000781200000, 0x0000000786680000, 0x00000007d5b00000)
  object space 86528K, 6% used [0x0000000781200000,0x00000007817b34d0,0x0000000786680000)
 PSPermGen       total 21504K, used 4701K [0x000000077c000000, 0x000000077d500000, 0x0000000781200000)
  object space 21504K, 21% used [0x000000077c000000,0x000000077c497540,0x000000077d500000)
}

Deoptimization events (8 events):
Event: 0.209 Thread 0x00000000025f0800 Uncommon trap: reason=predicate action=maybe_recompile pc=0x0000000002770e50 method=java.util.Arrays.fill([Ljava/lang/Object;Ljava/lang/Object;)V @ 10
Event: 0.216 Thread 0x00000000025f0800 Uncommon trap: reason=array_check action=maybe_recompile pc=0x00000000027714f4 method=java.util.Arrays.fill([Ljava/lang/Object;Ljava/lang/Object;)V @ 13
Event: 0.216 Thread 0x00000000025f0800 Uncommon trap: reason=array_check action=maybe_recompile pc=0x00000000027714f4 method=java.util.Arrays.fill([Ljava/lang/Object;Ljava/lang/Object;)V @ 13
Event: 0.216 Thread 0x00000000025f0800 Uncommon trap: reason=array_check action=maybe_recompile pc=0x00000000027714f4 method=java.util.Arrays.fill([Ljava/lang/Object;Ljava/lang/Object;)V @ 13
Event: 0.216 Thread 0x00000000025f0800 Uncommon trap: reason=array_check action=maybe_recompile pc=0x00000000027714f4 method=java.util.Arrays.fill([Ljava/lang/Object;Ljava/lang/Object;)V @ 13
Event: 0.536 Thread 0x00000000025f0800 Uncommon trap: reason=unreached action=reinterpret pc=0x0000000002795020 method=java.util.HashMap.getEntry(Ljava/lang/Object;)Ljava/util/HashMap$Entry; @ 58
Event: 0.536 Thread 0x00000000025f0800 Uncommon trap: reason=unreached action=reinterpret pc=0x00000000027955c4 method=java.util.HashMap.getEntry(Ljava/lang/Object;)Ljava/util/HashMap$Entry; @ 58
Event: 0.563 Thread 0x00000000025f0800 Uncommon trap: reason=null_check action=make_not_entrant pc=0x000000000275c9b8 method=java.lang.String.equals(Ljava/lang/Object;)Z @ 8

Internal exceptions (7 events):
Event: 0.019 Thread 0x00000000025f0800 Threw 0x00000007d5b107c0 at C:\re\jdk7u45\229\hotspot\src\share\vm\prims\jni.cpp:3991
Event: 0.052 Thread 0x00000000025f0800 Threw 0x00000007d5b9c228 at C:\re\jdk7u45\229\hotspot\src\share\vm\prims\jvm.cpp:1244
Event: 0.065 Thread 0x00000000025f0800 Threw 0x00000007d5bcd538 at C:\re\jdk7u45\229\hotspot\src\share\vm\prims\jvm.cpp:1244
Event: 0.065 Thread 0x00000000025f0800 Threw 0x00000007d5bcd660 at C:\re\jdk7u45\229\hotspot\src\share\vm\prims\jvm.cpp:1244
Event: 0.066 Thread 0x00000000025f0800 Threw 0x00000007d5bd28d8 at C:\re\jdk7u45\229\hotspot\src\share\vm\prims\jvm.cpp:1244
Event: 0.066 Thread 0x00000000025f0800 Threw 0x00000007d5bd2a00 at C:\re\jdk7u45\229\hotspot\src\share\vm\prims\jvm.cpp:1244
Event: 0.563 Thread 0x00000000025f0800 Implicit null exception at 0x000000000275c81b to 0x000000000275c9a9

Events (10 events):
Event: 0.710 loading class 0x000000000cf1b6b0 done
Event: 0.710 loading class 0x000000000cf39350 done
Event: 0.710 loading class 0x0000000002662d20
Event: 0.710 loading class 0x0000000002662d20 done
Event: 0.711 loading class 0x000000000cf16980
Event: 0.711 loading class 0x000000000cf16980 done
Event: 0.711 loading class 0x000000000efc1b30
Event: 0.711 loading class 0x000000000efc1b30 done
Event: 4.066 Executing VM operation: EnableBiasedLocking
Event: 4.066 Executing VM operation: EnableBiasedLocking done


Dynamic libraries:
0x00007ff738c10000 - 0x00007ff738c43000 	D:\MyEclipse 2015\binary\com.sun.java.jdk7.win32.x86_64_1.7.0.u45\bin\javaw.exe
0x00007ffaaff70000 - 0x00007ffab0131000 	C:\windows\SYSTEM32\ntdll.dll
0x00007ffaafec0000 - 0x00007ffaaff6d000 	C:\windows\system32\KERNEL32.DLL
0x00007ffaaca10000 - 0x00007ffaacbf8000 	C:\windows\system32\KERNELBASE.dll
0x00007ffaadec0000 - 0x00007ffaadf67000 	C:\windows\system32\ADVAPI32.dll
0x00007ffaada50000 - 0x00007ffaadaed000 	C:\windows\system32\msvcrt.dll
0x00007ffaafd40000 - 0x00007ffaafd9b000 	C:\windows\system32\sechost.dll
0x00007ffaafda0000 - 0x00007ffaafebc000 	C:\windows\system32\RPCRT4.dll
0x00007ffaae1f0000 - 0x00007ffaae346000 	C:\windows\system32\USER32.dll
0x00007ffaadd30000 - 0x00007ffaadeb6000 	C:\windows\system32\GDI32.dll
0x00007ffaa6e70000 - 0x00007ffaa70e4000 	C:\windows\WinSxS\amd64_microsoft.windows.common-controls_6595b64144ccf1df_6.0.10586.0_none_8c15ae12515e1c22\COMCTL32.dll
0x00007ffaadf70000 - 0x00007ffaae1ed000 	C:\windows\system32\combase.dll
0x00007ffaacc00000 - 0x00007ffaacc6a000 	C:\windows\system32\bcryptPrimitives.dll
0x00007ffaad5b0000 - 0x00007ffaad5eb000 	C:\windows\system32\IMM32.DLL
0x000000005dbc0000 - 0x000000005dc92000 	D:\MyEclipse 2015\binary\com.sun.java.jdk7.win32.x86_64_1.7.0.u45\jre\bin\msvcr100.dll
0x000000005d3f0000 - 0x000000005dbb9000 	D:\MyEclipse 2015\binary\com.sun.java.jdk7.win32.x86_64_1.7.0.u45\jre\bin\server\jvm.dll
0x00007ffaad9d0000 - 0x00007ffaad9d8000 	C:\windows\system32\PSAPI.DLL
0x00007ffaaac40000 - 0x00007ffaaac49000 	C:\windows\SYSTEM32\WSOCK32.dll
0x00007ffaaa810000 - 0x00007ffaaa833000 	C:\windows\SYSTEM32\WINMM.dll
0x00007ffaad9e0000 - 0x00007ffaada4b000 	C:\windows\system32\WS2_32.dll
0x00007ffaaa7b0000 - 0x00007ffaaa7dc000 	C:\windows\SYSTEM32\WINMMBASE.dll
0x00007ffaac900000 - 0x00007ffaac943000 	C:\windows\system32\cfgmgr32.dll
0x000000005d3e0000 - 0x000000005d3ef000 	D:\MyEclipse 2015\binary\com.sun.java.jdk7.win32.x86_64_1.7.0.u45\jre\bin\verify.dll
0x000000005d3b0000 - 0x000000005d3d8000 	D:\MyEclipse 2015\binary\com.sun.java.jdk7.win32.x86_64_1.7.0.u45\jre\bin\java.dll
0x000000005d390000 - 0x000000005d3a5000 	D:\MyEclipse 2015\binary\com.sun.java.jdk7.win32.x86_64_1.7.0.u45\jre\bin\zip.dll
0x000000005d2f0000 - 0x000000005d2fc000 	D:\MyEclipse 2015\binary\com.sun.java.jdk7.win32.x86_64_1.7.0.u45\jre\bin\jsound.dll
0x000000005d2e0000 - 0x000000005d2eb000 	D:\MyEclipse 2015\binary\com.sun.java.jdk7.win32.x86_64_1.7.0.u45\jre\bin\jsoundds.dll
0x00007ffaad370000 - 0x00007ffaad4b3000 	C:\windows\system32\ole32.dll
0x00007ffa9be00000 - 0x00007ffa9be9c000 	C:\windows\SYSTEM32\DSOUND.dll
0x00007ffaac5c0000 - 0x00007ffaac60b000 	C:\windows\system32\powrprof.dll
0x00007ffaac610000 - 0x00007ffaac61f000 	C:\windows\system32\kernel.appcore.dll
0x00007ffaaafc0000 - 0x00007ffaab056000 	C:\windows\system32\uxtheme.dll
0x00007ffaa5e40000 - 0x00007ffaa5eb0000 	C:\windows\SYSTEM32\MMDevAPI.DLL
0x00007ffaab060000 - 0x00007ffaab087000 	C:\windows\SYSTEM32\DEVOBJ.dll
0x00007ffaa9e60000 - 0x00007ffaa9fe6000 	C:\windows\SYSTEM32\PROPSYS.dll
0x00007ffaad4e0000 - 0x00007ffaad5a1000 	C:\windows\system32\OLEAUT32.dll
0x00007ffa97ae0000 - 0x00007ffa97b22000 	C:\windows\SYSTEM32\wdmaud.drv
0x00007ffa97ad0000 - 0x00007ffa97ad8000 	C:\windows\SYSTEM32\ksuser.dll
0x00007ffaa9060000 - 0x00007ffaa906b000 	C:\windows\SYSTEM32\AVRT.dll
0x00007ffa97b30000 - 0x00007ffa97bb8000 	C:\windows\SYSTEM32\AUDIOSES.DLL
0x00007ffaa92c0000 - 0x00007ffaa93f6000 	C:\windows\SYSTEM32\wintypes.dll
0x00007ffaa0370000 - 0x00007ffaa037c000 	C:\windows\SYSTEM32\msacm32.drv
0x00007ffaa0350000 - 0x00007ffaa036c000 	C:\windows\SYSTEM32\MSACM32.dll
0x00007ffaa0340000 - 0x00007ffaa034a000 	C:\windows\SYSTEM32\midimap.dll
0x000000005d370000 - 0x000000005d389000 	D:\MyEclipse 2015\binary\com.sun.java.jdk7.win32.x86_64_1.7.0.u45\jre\bin\net.dll
0x00007ffaabec0000 - 0x00007ffaabf1c000 	C:\windows\system32\mswsock.dll
0x000000005d350000 - 0x000000005d361000 	D:\MyEclipse 2015\binary\com.sun.java.jdk7.win32.x86_64_1.7.0.u45\jre\bin\nio.dll
0x00007ffaad920000 - 0x00007ffaad9c7000 	C:\windows\system32\clbcatq.dll

VM Arguments:
jvm_args: -Dfile.encoding=GBK 
java_command: …˘“Ù≤•∑≈≥Ã–Ú.MiniMiniMusicApp
Launcher Type: SUN_STANDARD

Environment Variables:
JAVA_HOME=D:\Java\jdk1.8.0_121
PATH=C:\ProgramData\Oracle\Java\javapath;C:\windows\system32;C:\windows;C:\windows\System32\Wbem;C:\windows\System32\WindowsPowerShell\v1.0\;D:\Java\jdk1.8.0_121\bin;C:\Program Files (x86)\NVIDIA Corporation\PhysX\Common;C:\Program Files\MySQL\MySQL Utilities 1.6\
USERNAME=Administrator
OS=Windows_NT
PROCESSOR_IDENTIFIER=Intel64 Family 6 Model 94 Stepping 3, GenuineIntel



---------------  S Y S T E M  ---------------

OS: Windows 8 , 64 bit Build 9200 

CPU:total 8 (4 cores per cpu, 2 threads per core) family 6 model 94 stepping 3, cmov, cx8, fxsr, mmx, sse, sse2, sse3, ssse3, sse4.1, sse4.2, popcnt, avx, avx2, aes, erms, ht, tsc, tscinvbit

Memory: 4k page, physical 8307124k(4398464k free), swap 9355700k(5180k free)

vm_info: Java HotSpot(TM) 64-Bit Server VM (24.45-b08) for windows-amd64 JRE (1.7.0_45-b18), built on Oct  8 2013 05:47:22 by "java_re" with unknown MS VC++:1600

time: Sat Mar 04 21:04:49 2017
elapsed time: 31 seconds

